

*******************************************************************************
Mon Oct  3 23:42:54 2016


FIT:    data read from "driftvelgnuTau.txt"
        format = z
        #datapoints = 8
        residuals are weighted equally (unit weight)

function used for fitting: g(x)
fitted parameters initialized with current variable values



 Iteration 0
 WSSR        : 8946.83           delta(WSSR)/WSSR   : 0
 delta(WSSR) : 0                 limit for stopping : 1e-05
 lambda	  : 0.91949

initial set of free parameter values

a               = 1
b               = 1

After 4 iterations the fit converged.
final sum of squares of residuals : 61.2927
rel. change during last iteration : -9.00631e-13

degrees of freedom    (FIT_NDF)                        : 6
rms of residuals      (FIT_STDFIT) = sqrt(WSSR/ndf)    : 3.19616
variance of residuals (reduced chisquare) = WSSR/ndf   : 10.2154

Final set of parameters            Asymptotic Standard Error
=======================            ==========================

a               = -15.184          +/- 2.266        (14.92%)
b               = 44.0973          +/- 1.883        (4.271%)


correlation matrix of the fit parameters:

               a      b      
a               1.000 
b              -0.800  1.000 


*******************************************************************************
Mon Oct  3 23:44:12 2016


FIT:    data read from "driftvelgnuMezz.txt"
        format = z
        #datapoints = 8
        residuals are weighted equally (unit weight)

function used for fitting: f(x)
fitted parameters initialized with current variable values



 Iteration 0
 WSSR        : 12813.2           delta(WSSR)/WSSR   : 0
 delta(WSSR) : 0                 limit for stopping : 1e-05
 lambda	  : 0.885205

initial set of free parameter values

c               = 1
d               = 1

After 4 iterations the fit converged.
final sum of squares of residuals : 10.6103
rel. change during last iteration : -1.58143e-12

degrees of freedom    (FIT_NDF)                        : 6
rms of residuals      (FIT_STDFIT) = sqrt(WSSR/ndf)    : 1.32981
variance of residuals (reduced chisquare) = WSSR/ndf   : 1.76838

Final set of parameters            Asymptotic Standard Error
=======================            ==========================

c               = -11.9932         +/- 0.9187       (7.66%)
d               = 47.6263          +/- 0.6919       (1.453%)


correlation matrix of the fit parameters:

               c      d      
c               1.000 
d              -0.734  1.000 


*******************************************************************************
Mon Oct  3 23:45:51 2016


FIT:    data read from "driftvelgnuMezz.txt" u 0:1
        format = x:z
        #datapoints = 8
        residuals are weighted equally (unit weight)

function used for fitting: f(x)
fitted parameters initialized with current variable values



 Iteration 0
 WSSR        : 6464.62           delta(WSSR)/WSSR   : 0
 delta(WSSR) : 0                 limit for stopping : 1e-05
 lambda	  : 3.04138

initial set of free parameter values

c               = -11.9932
d               = 47.6263

After 4 iterations the fit converged.
final sum of squares of residuals : 0.209398
rel. change during last iteration : -4.0977e-06

degrees of freedom    (FIT_NDF)                        : 6
rms of residuals      (FIT_STDFIT) = sqrt(WSSR/ndf)    : 0.186814
variance of residuals (reduced chisquare) = WSSR/ndf   : 0.0348996

Final set of parameters            Asymptotic Standard Error
=======================            ==========================

c               = 0.211905         +/- 0.02883      (13.6%)
d               = -0.189167        +/- 0.1206       (63.75%)


correlation matrix of the fit parameters:

               c      d      
c               1.000 
d              -0.837  1.000 


*******************************************************************************
Mon Oct  3 23:46:15 2016


FIT:    data read from "driftvelgnuMezz.txt"
        format = z
        #datapoints = 8
        residuals are weighted equally (unit weight)

function used for fitting: f(x)
fitted parameters initialized with current variable values



 Iteration 0
 WSSR        : 13818.1           delta(WSSR)/WSSR   : 0
 delta(WSSR) : 0                 limit for stopping : 1e-05
 lambda	  : 0.885205

initial set of free parameter values

c               = 0.211905
d               = -0.189167

After 4 iterations the fit converged.
final sum of squares of residuals : 10.6103
rel. change during last iteration : -1.58126e-12

degrees of freedom    (FIT_NDF)                        : 6
rms of residuals      (FIT_STDFIT) = sqrt(WSSR/ndf)    : 1.32981
variance of residuals (reduced chisquare) = WSSR/ndf   : 1.76838

Final set of parameters            Asymptotic Standard Error
=======================            ==========================

c               = -11.9932         +/- 0.9187       (7.66%)
d               = 47.6263          +/- 0.6919       (1.453%)


correlation matrix of the fit parameters:

               c      d      
c               1.000 
d              -0.734  1.000 


*******************************************************************************
Mon Oct  3 23:47:44 2016


FIT:    data read from "driftvelgnuMezz.txt" u 1:($2)*5
        format = x:z
        #datapoints = 8
        residuals are weighted equally (unit weight)

function used for fitting: f(x)
fitted parameters initialized with current variable values



 Iteration 0
 WSSR        : 220255            delta(WSSR)/WSSR   : 0
 delta(WSSR) : 0                 limit for stopping : 1e-05
 lambda	  : 0.885205

initial set of free parameter values

c               = -11.9932
d               = 47.6263

After 4 iterations the fit converged.
final sum of squares of residuals : 265.258
rel. change during last iteration : -9.96901e-13

degrees of freedom    (FIT_NDF)                        : 6
rms of residuals      (FIT_STDFIT) = sqrt(WSSR/ndf)    : 6.64903
variance of residuals (reduced chisquare) = WSSR/ndf   : 44.2096

Final set of parameters            Asymptotic Standard Error
=======================            ==========================

c               = -59.9661         +/- 4.593        (7.66%)
d               = 238.131          +/- 3.459        (1.453%)


correlation matrix of the fit parameters:

               c      d      
c               1.000 
d              -0.734  1.000 


*******************************************************************************
Mon Oct  3 23:49:12 2016


FIT:    data read from "driftvelgnuMezz.txt" u 1:($2)*5
        format = x:z
        #datapoints = 8
        residuals are weighted equally (unit weight)

function used for fitting: f(x)
fitted parameters initialized with current variable values



 Iteration 0
 WSSR        : 265.258           delta(WSSR)/WSSR   : 0
 delta(WSSR) : 0                 limit for stopping : 1e-05
 lambda	  : 0.885205

initial set of free parameter values

c               = -59.9661
d               = 238.131

After 1 iterations the fit converged.
final sum of squares of residuals : 265.258
rel. change during last iteration : -2.14295e-16

degrees of freedom    (FIT_NDF)                        : 6
rms of residuals      (FIT_STDFIT) = sqrt(WSSR/ndf)    : 6.64903
variance of residuals (reduced chisquare) = WSSR/ndf   : 44.2096

Final set of parameters            Asymptotic Standard Error
=======================            ==========================

c               = -59.9661         +/- 4.593        (7.66%)
d               = 238.131          +/- 3.459        (1.453%)


correlation matrix of the fit parameters:

               c      d      
c               1.000 
d              -0.734  1.000 


*******************************************************************************
Mon Oct  3 23:49:44 2016


FIT:    data read from "driftvelgnuTau.txt" u 1:($2)*5
        format = x:z
        #datapoints = 8
        residuals are weighted equally (unit weight)

function used for fitting: g(x)
fitted parameters initialized with current variable values



 Iteration 0
 WSSR        : 156840            delta(WSSR)/WSSR   : 0
 delta(WSSR) : 0                 limit for stopping : 1e-05
 lambda	  : 0.91949

initial set of free parameter values

a               = -15.184
b               = 44.0973

After 4 iterations the fit converged.
final sum of squares of residuals : 1532.32
rel. change during last iteration : -5.71878e-13

degrees of freedom    (FIT_NDF)                        : 6
rms of residuals      (FIT_STDFIT) = sqrt(WSSR/ndf)    : 15.9808
variance of residuals (reduced chisquare) = WSSR/ndf   : 255.386

Final set of parameters            Asymptotic Standard Error
=======================            ==========================

a               = -75.9198         +/- 11.33        (14.92%)
b               = 220.487          +/- 9.417        (4.271%)


correlation matrix of the fit parameters:

               a      b      
a               1.000 
b              -0.800  1.000 


*******************************************************************************
Mon Oct  3 23:49:57 2016


FIT:    data read from "driftvelgnuMezz.txt" u 1:($2)*5
        format = x:z
        #datapoints = 8
        residuals are weighted equally (unit weight)

function used for fitting: f(x)
fitted parameters initialized with current variable values



 Iteration 0
 WSSR        : 265.258           delta(WSSR)/WSSR   : 0
 delta(WSSR) : 0                 limit for stopping : 1e-05
 lambda	  : 0.885205

initial set of free parameter values

c               = -59.9661
d               = 238.131

The maximum lambda = 1.000000e+20 was exceeded. Fit stopped.
final sum of squares of residuals : 265.258
rel. change during last iteration : 0

degrees of freedom    (FIT_NDF)                        : 6
rms of residuals      (FIT_STDFIT) = sqrt(WSSR/ndf)    : 6.64903
variance of residuals (reduced chisquare) = WSSR/ndf   : 44.2096

Final set of parameters            Asymptotic Standard Error
=======================            ==========================

c               = -59.9661         +/- 4.593        (7.66%)
d               = 238.131          +/- 3.459        (1.453%)


correlation matrix of the fit parameters:

               c      d      
c               1.000 
d              -0.734  1.000 


*******************************************************************************
Thu Oct  6 11:55:43 2016


FIT:    data read from "driftvelgnuMezz.txt" u 1:($2)*5
        format = x:z
        #datapoints = 8
        residuals are weighted equally (unit weight)

function used for fitting: f(x)
fitted parameters initialized with current variable values



 Iteration 0
 WSSR        : 339180            delta(WSSR)/WSSR   : 0
 delta(WSSR) : 0                 limit for stopping : 1e-05
 lambda	  : 0.885205

initial set of free parameter values

a               = 1
b               = 1

After 4 iterations the fit converged.
final sum of squares of residuals : 265.258
rel. change during last iteration : -1.55964e-12

degrees of freedom    (FIT_NDF)                        : 6
rms of residuals      (FIT_STDFIT) = sqrt(WSSR/ndf)    : 6.64903
variance of residuals (reduced chisquare) = WSSR/ndf   : 44.2096

Final set of parameters            Asymptotic Standard Error
=======================            ==========================

a               = -59.9661         +/- 4.593        (7.66%)
b               = 238.131          +/- 3.459        (1.453%)


correlation matrix of the fit parameters:

               a      b      
a               1.000 
b              -0.734  1.000 


*******************************************************************************
Thu Oct  6 11:58:30 2016


FIT:    data read from "driftvelgnuTau.txt" u 1:($2)*5
        format = x:z
        #datapoints = 8
        residuals are weighted equally (unit weight)

function used for fitting: g(x)
fitted parameters initialized with current variable values



 Iteration 0
 WSSR        : 239997            delta(WSSR)/WSSR   : 0
 delta(WSSR) : 0                 limit for stopping : 1e-05
 lambda	  : 0.91949

initial set of free parameter values

c               = 1
d               = 1

After 4 iterations the fit converged.
final sum of squares of residuals : 1532.32
rel. change during last iteration : -8.94023e-13

degrees of freedom    (FIT_NDF)                        : 6
rms of residuals      (FIT_STDFIT) = sqrt(WSSR/ndf)    : 15.9808
variance of residuals (reduced chisquare) = WSSR/ndf   : 255.386

Final set of parameters            Asymptotic Standard Error
=======================            ==========================

c               = -75.9198         +/- 11.33        (14.92%)
d               = 220.487          +/- 9.417        (4.271%)


correlation matrix of the fit parameters:

               c      d      
c               1.000 
d              -0.800  1.000 


*******************************************************************************
Thu Oct  6 12:10:41 2016


FIT:    data read from "driftvelgnuTau.txt" u 1:($2)*5
        format = x:z
        #datapoints = 7
        residuals are weighted equally (unit weight)

function used for fitting: g(x)
fitted parameters initialized with current variable values



 Iteration 0
 WSSR        : 928.786           delta(WSSR)/WSSR   : 0
 delta(WSSR) : 0                 limit for stopping : 1e-05
 lambda	  : 0.907406

initial set of free parameter values

c               = -75.9198
d               = 220.487

After 3 iterations the fit converged.
final sum of squares of residuals : 795.039
rel. change during last iteration : -1.4847e-07

degrees of freedom    (FIT_NDF)                        : 5
rms of residuals      (FIT_STDFIT) = sqrt(WSSR/ndf)    : 12.6098
variance of residuals (reduced chisquare) = WSSR/ndf   : 159.008

Final set of parameters            Asymptotic Standard Error
=======================            ==========================

c               = -70.8667         +/- 9.243        (13.04%)
d               = 220.878          +/- 7.433        (3.365%)


correlation matrix of the fit parameters:

               c      d      
c               1.000 
d              -0.767  1.000 
